1677827680145:add 1 2
1677827692568:sum 1 2
1677827695665:clear
1677827700817:ls
1677827705088:add 1 2
1677827733152:exit;
1677827755518:exit
1677827804596:add 1 2
1677827807718:sum 1 2
1677827813808:sum 1230123012301 13123123 132132131
1677827853468:exit
1677827875609:add 12 12
1677827883944:sum 12 12
1677827919206:exit
1677827935830:echo 1 2 3
1677827950493:echo --a 1 --b 2 --c 3
1677827968660:echo --b 2 --c 3 --a 1
1677827981140:echo 1 --c 3 2
1677828097246:exit
1677828110750:shutdown
1677828130029:shutdown --force
1677828138100:shutdown false
1677828142692:shutdown 1 1
1677828156740:shutdown true
1677828194754:exit
1677828211889:changePassword 12121
1677828218177:stacktrace
1677828232529:changePassword
1677828234856:changePassword 1
1677828238648:changePassword 12345678
1677828260895:changePassword 1
1677828268394:changePassword "123"
1677828274634:changePassword '123'
1677828367637:help
1677828601377:availabilityOnWeekdays
1677828609538:wizz
1677828614282:last
1677828621929:add
1677828624049:add 1 2
1677828643946:changePassword
1677828684669:changePasswd
1677828692231:changePasswd 123
1677828702159:changePasswd 12345678
1677828835295:help add
1677828914978:exit
1677828945600:clear
1677828949608:change-password --password
1677828985924:help --command
1677828990918:change-password help
1677828999191:help change-password
1677829006853:help
1677829013773:bar
1677829017662:bar 1
1677829030868:wizz
1677829153743:exit
1677832686423:connect
1677832695125:connect aaa aaa
1677832718543:connect
1677832724895:connect Ayuan zzy1314.
1677832729047:download
1677832739814:exit
1677832770461:download
1677832965876:exit
1677833480021:clear
1677833563753:help
1677833846173:exit
1677833897891:ls
1677833900178:cd ..
1677833900642:ls
1677833901459:clear
1677833902130:cd /
1677833914306:exit
1677833927217:cd ..
1677833927586:ls
1677833929009:clear
1677834242555:exit
